<?xml version="1.0" encoding="UTF-8"?>
<testsuite name="christmas.order.DiscountEventTest" tests="9" skipped="0" failures="0" errors="0" timestamp="2023-11-15T12:11:42" hostname="gimdabomiui-MacBookAir.local" time="0.022">
  <properties/>
  <testcase name="1 - 할인 후 결제 금액 : 135754" classname="christmas.order.DiscountEventTest" time="0.01"/>
  <testcase name="2 - 할인 후 결제 금액 : 8500" classname="christmas.order.DiscountEventTest" time="0.0"/>
  <testcase name="1 - 총 할인 금액 : 31246" classname="christmas.order.DiscountEventTest" time="0.001"/>
  <testcase name="2 - 총 할인 금액 : 0" classname="christmas.order.DiscountEventTest" time="0.001"/>
  <testcase name="1 - 이벤트 유형: CHRISTMAS_D_DAY, 예상 결과: 1200" classname="christmas.order.DiscountEventTest" time="0.001"/>
  <testcase name="2 - 이벤트 유형: WEEKDAY_DISCOUNT, 예상 결과: 2023" classname="christmas.order.DiscountEventTest" time="0.0"/>
  <testcase name="3 - 이벤트 유형: WEEKEND_DISCOUNT, 예상 결과: 2023" classname="christmas.order.DiscountEventTest" time="0.001"/>
  <testcase name="4 - 이벤트 유형: SPECIAL_DISCOUNT, 예상 결과: 1000" classname="christmas.order.DiscountEventTest" time="0.001"/>
  <testcase name="5 - 이벤트 유형: GIFT_CHAMPAGNE, 예상 결과: 25000" classname="christmas.order.DiscountEventTest" time="0.001"/>
  <system-out><![CDATA[]]></system-out>
  <system-err><![CDATA[]]></system-err>
</testsuite>
